<?xml version="1.0" encoding="UTF-8"?>
<testng-results ignored="0" total="7" passed="6" failed="0" skipped="1">
  <reporter-output>
  </reporter-output>
  <suite started-at="2025-09-06T16:40:10 IST" name="Parabank" finished-at="2025-09-06T16:41:54 IST" duration-ms="104111">
    <groups>
    </groups>
    <test started-at="2025-09-06T16:40:10 IST" name="MyTest1" finished-at="2025-09-06T16:40:30 IST" duration-ms="20155">
      <class name="steps.RegistrationTest">
        <test-method is-config="true" signature="setUp()[pri:0, instance:steps.RegistrationTest@790da477]" started-at="2025-09-06T16:40:10 IST" name="setUp" finished-at="2025-09-06T16:40:21 IST" duration-ms="11107" status="PASS">
          <reporter-output>
          </reporter-output>
        </test-method> <!-- setUp -->
        <test-method signature="the_user_is_on_Home_page()[pri:0, instance:steps.RegistrationTest@790da477]" started-at="2025-09-06T16:40:21 IST" name="the_user_is_on_Home_page" finished-at="2025-09-06T16:40:30 IST" duration-ms="8517" status="PASS">
          <reporter-output>
          </reporter-output>
        </test-method> <!-- the_user_is_on_Home_page -->
        <test-method is-config="true" signature="tearDown()[pri:0, instance:steps.RegistrationTest@790da477]" started-at="2025-09-06T16:40:30 IST" name="tearDown" finished-at="2025-09-06T16:40:30 IST" duration-ms="364" status="PASS">
          <reporter-output>
          </reporter-output>
        </test-method> <!-- tearDown -->
      </class> <!-- steps.RegistrationTest -->
    </test> <!-- MyTest1 -->
    <test started-at="2025-09-06T16:40:30 IST" name="MyTest2" finished-at="2025-09-06T16:40:43 IST" duration-ms="13235">
      <class name="steps.LoginTest">
        <test-method is-config="true" signature="setUp()[pri:0, instance:steps.LoginTest@2d0399f4]" started-at="2025-09-06T16:40:30 IST" name="setUp" finished-at="2025-09-06T16:40:35 IST" duration-ms="5048" status="PASS">
          <reporter-output>
          </reporter-output>
        </test-method> <!-- setUp -->
        <test-method signature="user_on_login_page()[pri:0, instance:steps.LoginTest@2d0399f4]" started-at="2025-09-06T16:40:35 IST" name="user_on_login_page" finished-at="2025-09-06T16:40:43 IST" duration-ms="7804" status="PASS">
          <reporter-output>
          </reporter-output>
        </test-method> <!-- user_on_login_page -->
        <test-method is-config="true" signature="tearDown()[pri:0, instance:steps.LoginTest@2d0399f4]" started-at="2025-09-06T16:40:43 IST" name="tearDown" finished-at="2025-09-06T16:40:43 IST" duration-ms="371" status="PASS">
          <reporter-output>
          </reporter-output>
        </test-method> <!-- tearDown -->
      </class> <!-- steps.LoginTest -->
    </test> <!-- MyTest2 -->
    <test started-at="2025-09-06T16:40:43 IST" name="MyTest3" finished-at="2025-09-06T16:41:00 IST" duration-ms="16669">
      <class name="steps.OpenAccountTest">
        <test-method is-config="true" signature="setUp()[pri:0, instance:steps.OpenAccountTest@f68f0dc]" started-at="2025-09-06T16:40:43 IST" name="setUp" finished-at="2025-09-06T16:40:49 IST" duration-ms="5316" status="PASS">
          <reporter-output>
          </reporter-output>
        </test-method> <!-- setUp -->
        <test-method signature="user_is_logged_in()[pri:0, instance:steps.OpenAccountTest@f68f0dc]" started-at="2025-09-06T16:40:49 IST" name="user_is_logged_in" finished-at="2025-09-06T16:41:00 IST" duration-ms="11006" status="PASS">
          <reporter-output>
          </reporter-output>
        </test-method> <!-- user_is_logged_in -->
        <test-method is-config="true" signature="tearDown()[pri:0, instance:steps.OpenAccountTest@f68f0dc]" started-at="2025-09-06T16:41:00 IST" name="tearDown" finished-at="2025-09-06T16:41:00 IST" duration-ms="329" status="PASS">
          <reporter-output>
          </reporter-output>
        </test-method> <!-- tearDown -->
      </class> <!-- steps.OpenAccountTest -->
    </test> <!-- MyTest3 -->
    <test started-at="2025-09-06T16:41:00 IST" name="MyTest4" finished-at="2025-09-06T16:41:17 IST" duration-ms="17294">
      <class name="steps.LoanTest">
        <test-method is-config="true" signature="setUp()[pri:0, instance:steps.LoanTest@465232e9]" started-at="2025-09-06T16:41:00 IST" name="setUp" finished-at="2025-09-06T16:41:07 IST" duration-ms="6633" status="PASS">
          <reporter-output>
          </reporter-output>
        </test-method> <!-- setUp -->
        <test-method signature="user_is_logged_in_for_loan_request()[pri:0, instance:steps.LoanTest@465232e9]" started-at="2025-09-06T16:41:07 IST" name="user_is_logged_in_for_loan_request" finished-at="2025-09-06T16:41:17 IST" duration-ms="10288" status="PASS">
          <reporter-output>
          </reporter-output>
        </test-method> <!-- user_is_logged_in_for_loan_request -->
        <test-method is-config="true" signature="tearDown()[pri:0, instance:steps.LoanTest@465232e9]" started-at="2025-09-06T16:41:17 IST" name="tearDown" finished-at="2025-09-06T16:41:17 IST" duration-ms="360" status="PASS">
          <reporter-output>
          </reporter-output>
        </test-method> <!-- tearDown -->
      </class> <!-- steps.LoanTest -->
    </test> <!-- MyTest4 -->
    <test started-at="2025-09-06T16:41:17 IST" name="MyTest5" finished-at="2025-09-06T16:41:32 IST" duration-ms="14212">
      <class name="steps.TransferFundTest">
        <test-method is-config="true" signature="setUp()[pri:0, instance:steps.TransferFundTest@2d29b4ee]" started-at="2025-09-06T16:41:17 IST" name="setUp" finished-at="2025-09-06T16:41:23 IST" duration-ms="5338" status="PASS">
          <reporter-output>
          </reporter-output>
        </test-method> <!-- setUp -->
        <test-method signature="user_is_logged_in_for_transferring_funds()[pri:0, instance:steps.TransferFundTest@2d29b4ee]" started-at="2025-09-06T16:41:23 IST" name="user_is_logged_in_for_transferring_funds" finished-at="2025-09-06T16:41:31 IST" duration-ms="8612" status="PASS">
          <reporter-output>
          </reporter-output>
        </test-method> <!-- user_is_logged_in_for_transferring_funds -->
        <test-method is-config="true" signature="tearDown()[pri:0, instance:steps.TransferFundTest@2d29b4ee]" started-at="2025-09-06T16:41:31 IST" name="tearDown" finished-at="2025-09-06T16:41:32 IST" duration-ms="253" status="PASS">
          <reporter-output>
          </reporter-output>
        </test-method> <!-- tearDown -->
      </class> <!-- steps.TransferFundTest -->
    </test> <!-- MyTest5 -->
    <test started-at="2025-09-06T16:41:32 IST" name="MyTest6" finished-at="2025-09-06T16:41:47 IST" duration-ms="15376">
      <class name="steps.TranctionHistoryTest">
        <test-method is-config="true" signature="setUp()[pri:0, instance:steps.TranctionHistoryTest@3b35a229]" started-at="2025-09-06T16:41:32 IST" name="setUp" finished-at="2025-09-06T16:41:37 IST" duration-ms="5346" status="PASS">
          <reporter-output>
          </reporter-output>
        </test-method> <!-- setUp -->
        <test-method signature="user_is_logged_in()[pri:0, instance:steps.TranctionHistoryTest@3b35a229]" started-at="2025-09-06T16:41:37 IST" name="user_is_logged_in" finished-at="2025-09-06T16:41:46 IST" duration-ms="9472" status="PASS">
          <reporter-output>
          </reporter-output>
        </test-method> <!-- user_is_logged_in -->
        <test-method is-config="true" signature="tearDown()[pri:0, instance:steps.TranctionHistoryTest@3b35a229]" started-at="2025-09-06T16:41:46 IST" name="tearDown" finished-at="2025-09-06T16:41:47 IST" duration-ms="549" status="PASS">
          <reporter-output>
          </reporter-output>
        </test-method> <!-- tearDown -->
      </class> <!-- steps.TranctionHistoryTest -->
    </test> <!-- MyTest6 -->
    <test started-at="2025-09-06T16:41:47 IST" name="MyTest7" finished-at="2025-09-06T16:41:54 IST" duration-ms="6897">
      <class name="steps.LogoutTest">
        <test-method is-config="true" signature="setUp()[pri:0, instance:steps.LogoutTest@2fb0623e]" started-at="2025-09-06T16:41:47 IST" name="setUp" finished-at="2025-09-06T16:41:54 IST" duration-ms="6870" status="FAIL">
          <exception class="org.openqa.selenium.NoSuchSessionException">
            <message>
              <![CDATA[invalid session id: session deleted as the browser has closed the connection
from disconnected: Unable to receive message from renderer
  (Session info: chrome=139.0.7258.155)
Build info: version: '4.35.0', revision: '1c58e5028b'
System info: os.name: 'Windows 11', os.arch: 'amd64', os.version: '10.0', java.version: '22.0.1'
Driver info: org.openqa.selenium.chrome.ChromeDriver
Command: [d86d369acf3d5b4449f27a6b66217776, get {url=https://parabank.parasoft.com/parabank/transfer.htm}]
Capabilities {acceptInsecureCerts: false, browserName: chrome, browserVersion: 139.0.7258.155, chrome: {chromedriverVersion: 139.0.7258.154 (9e0d6b2b47f..., userDataDir: C:\Users\Admin\AppData\Loca...}, fedcm:accounts: true, goog:chromeOptions: {debuggerAddress: localhost:64153}, networkConnectionEnabled: false, pageLoadStrategy: normal, platformName: windows, proxy: Proxy(), se:cdp: ws://localhost:64153/devtoo..., se:cdpVersion: 139.0.7258.155, setWindowRect: true, strictFileInteractability: false, timeouts: {implicit: 0, pageLoad: 300000, script: 30000}, unhandledPromptBehavior: dismiss and notify, webauthn:extension:credBlob: true, webauthn:extension:largeBlob: true, webauthn:extension:minPinLength: true, webauthn:extension:prf: true, webauthn:virtualAuthenticators: true}
Session ID: d86d369acf3d5b4449f27a6b66217776]]>
            </message>
            <full-stacktrace>
              <![CDATA[org.openqa.selenium.NoSuchSessionException: invalid session id: session deleted as the browser has closed the connection
from disconnected: Unable to receive message from renderer
  (Session info: chrome=139.0.7258.155)
Build info: version: '4.35.0', revision: '1c58e5028b'
System info: os.name: 'Windows 11', os.arch: 'amd64', os.version: '10.0', java.version: '22.0.1'
Driver info: org.openqa.selenium.chrome.ChromeDriver
Command: [d86d369acf3d5b4449f27a6b66217776, get {url=https://parabank.parasoft.com/parabank/transfer.htm}]
Capabilities {acceptInsecureCerts: false, browserName: chrome, browserVersion: 139.0.7258.155, chrome: {chromedriverVersion: 139.0.7258.154 (9e0d6b2b47f..., userDataDir: C:\Users\Admin\AppData\Loca...}, fedcm:accounts: true, goog:chromeOptions: {debuggerAddress: localhost:64153}, networkConnectionEnabled: false, pageLoadStrategy: normal, platformName: windows, proxy: Proxy(), se:cdp: ws://localhost:64153/devtoo..., se:cdpVersion: 139.0.7258.155, setWindowRect: true, strictFileInteractability: false, timeouts: {implicit: 0, pageLoad: 300000, script: 30000}, unhandledPromptBehavior: dismiss and notify, webauthn:extension:credBlob: true, webauthn:extension:largeBlob: true, webauthn:extension:minPinLength: true, webauthn:extension:prf: true, webauthn:virtualAuthenticators: true}
Session ID: d86d369acf3d5b4449f27a6b66217776
at java.base/jdk.internal.reflect.DirectConstructorHandleAccessor.newInstance(DirectConstructorHandleAccessor.java:62)
at java.base/java.lang.reflect.Constructor.newInstanceWithCaller(Constructor.java:502)
at java.base/java.lang.reflect.Constructor.newInstance(Constructor.java:486)
at org.openqa.selenium.remote.ErrorCodec.decode(ErrorCodec.java:167)
at org.openqa.selenium.remote.codec.w3c.W3CHttpResponseCodec.decode(W3CHttpResponseCodec.java:138)
at org.openqa.selenium.remote.codec.w3c.W3CHttpResponseCodec.decode(W3CHttpResponseCodec.java:50)
at org.openqa.selenium.remote.HttpCommandExecutor.execute(HttpCommandExecutor.java:215)
at org.openqa.selenium.remote.service.DriverCommandExecutor.invokeExecute(DriverCommandExecutor.java:216)
at org.openqa.selenium.remote.service.DriverCommandExecutor.execute(DriverCommandExecutor.java:174)
at org.openqa.selenium.remote.RemoteWebDriver.execute(RemoteWebDriver.java:557)
at org.openqa.selenium.remote.RemoteWebDriver.get(RemoteWebDriver.java:325)
at steps.BaseTest.setUp(BaseTest.java:38)
at java.base/jdk.internal.reflect.DirectMethodHandleAccessor.invoke(DirectMethodHandleAccessor.java:103)
at java.base/java.lang.reflect.Method.invoke(Method.java:580)
at org.testng.internal.invokers.MethodInvocationHelper.invokeMethod(MethodInvocationHelper.java:141)
at org.testng.internal.invokers.MethodInvocationHelper.invokeMethodConsideringTimeout(MethodInvocationHelper.java:71)
at org.testng.internal.invokers.ConfigInvoker.invokeConfigurationMethod(ConfigInvoker.java:400)
at org.testng.internal.invokers.ConfigInvoker.invokeConfigurations(ConfigInvoker.java:333)
at org.testng.TestRunner.invokeTestConfigurations(TestRunner.java:657)
at org.testng.TestRunner.beforeRun(TestRunner.java:646)
at org.testng.TestRunner.run(TestRunner.java:612)
at org.testng.SuiteRunner.runTest(SuiteRunner.java:421)
at org.testng.SuiteRunner.runSequentially(SuiteRunner.java:413)
at org.testng.SuiteRunner.privateRun(SuiteRunner.java:373)
at org.testng.SuiteRunner.run(SuiteRunner.java:312)
at org.testng.SuiteRunnerWorker.runSuite(SuiteRunnerWorker.java:52)
at org.testng.SuiteRunnerWorker.run(SuiteRunnerWorker.java:95)
at org.testng.TestNG.runSuitesSequentially(TestNG.java:1274)
at org.testng.TestNG.runSuitesLocally(TestNG.java:1208)
at org.testng.TestNG.runSuites(TestNG.java:1112)
at org.testng.TestNG.run(TestNG.java:1079)
at org.testng.remote.AbstractRemoteTestNG.run(AbstractRemoteTestNG.java:115)
at org.testng.remote.RemoteTestNG.initAndRun(RemoteTestNG.java:293)
at org.testng.remote.RemoteTestNG.main(RemoteTestNG.java:91)
]]>
            </full-stacktrace>
          </exception> <!-- org.openqa.selenium.NoSuchSessionException -->
          <reporter-output>
          </reporter-output>
        </test-method> <!-- setUp -->
        <test-method signature="user_is_logged_in_for_logout()[pri:0, instance:steps.LogoutTest@2fb0623e]" started-at="2025-09-06T16:41:54 IST" name="user_is_logged_in_for_logout" finished-at="2025-09-06T16:41:54 IST" duration-ms="0" status="SKIP">
          <exception class="org.openqa.selenium.NoSuchSessionException">
            <message>
              <![CDATA[invalid session id: session deleted as the browser has closed the connection
from disconnected: Unable to receive message from renderer
  (Session info: chrome=139.0.7258.155)
Build info: version: '4.35.0', revision: '1c58e5028b'
System info: os.name: 'Windows 11', os.arch: 'amd64', os.version: '10.0', java.version: '22.0.1'
Driver info: org.openqa.selenium.chrome.ChromeDriver
Command: [d86d369acf3d5b4449f27a6b66217776, get {url=https://parabank.parasoft.com/parabank/transfer.htm}]
Capabilities {acceptInsecureCerts: false, browserName: chrome, browserVersion: 139.0.7258.155, chrome: {chromedriverVersion: 139.0.7258.154 (9e0d6b2b47f..., userDataDir: C:\Users\Admin\AppData\Loca...}, fedcm:accounts: true, goog:chromeOptions: {debuggerAddress: localhost:64153}, networkConnectionEnabled: false, pageLoadStrategy: normal, platformName: windows, proxy: Proxy(), se:cdp: ws://localhost:64153/devtoo..., se:cdpVersion: 139.0.7258.155, setWindowRect: true, strictFileInteractability: false, timeouts: {implicit: 0, pageLoad: 300000, script: 30000}, unhandledPromptBehavior: dismiss and notify, webauthn:extension:credBlob: true, webauthn:extension:largeBlob: true, webauthn:extension:minPinLength: true, webauthn:extension:prf: true, webauthn:virtualAuthenticators: true}
Session ID: d86d369acf3d5b4449f27a6b66217776]]>
            </message>
            <full-stacktrace>
              <![CDATA[org.openqa.selenium.NoSuchSessionException: invalid session id: session deleted as the browser has closed the connection
from disconnected: Unable to receive message from renderer
  (Session info: chrome=139.0.7258.155)
Build info: version: '4.35.0', revision: '1c58e5028b'
System info: os.name: 'Windows 11', os.arch: 'amd64', os.version: '10.0', java.version: '22.0.1'
Driver info: org.openqa.selenium.chrome.ChromeDriver
Command: [d86d369acf3d5b4449f27a6b66217776, get {url=https://parabank.parasoft.com/parabank/transfer.htm}]
Capabilities {acceptInsecureCerts: false, browserName: chrome, browserVersion: 139.0.7258.155, chrome: {chromedriverVersion: 139.0.7258.154 (9e0d6b2b47f..., userDataDir: C:\Users\Admin\AppData\Loca...}, fedcm:accounts: true, goog:chromeOptions: {debuggerAddress: localhost:64153}, networkConnectionEnabled: false, pageLoadStrategy: normal, platformName: windows, proxy: Proxy(), se:cdp: ws://localhost:64153/devtoo..., se:cdpVersion: 139.0.7258.155, setWindowRect: true, strictFileInteractability: false, timeouts: {implicit: 0, pageLoad: 300000, script: 30000}, unhandledPromptBehavior: dismiss and notify, webauthn:extension:credBlob: true, webauthn:extension:largeBlob: true, webauthn:extension:minPinLength: true, webauthn:extension:prf: true, webauthn:virtualAuthenticators: true}
Session ID: d86d369acf3d5b4449f27a6b66217776
at java.base/jdk.internal.reflect.DirectConstructorHandleAccessor.newInstance(DirectConstructorHandleAccessor.java:62)
at java.base/java.lang.reflect.Constructor.newInstanceWithCaller(Constructor.java:502)
at java.base/java.lang.reflect.Constructor.newInstance(Constructor.java:486)
at org.openqa.selenium.remote.ErrorCodec.decode(ErrorCodec.java:167)
at org.openqa.selenium.remote.codec.w3c.W3CHttpResponseCodec.decode(W3CHttpResponseCodec.java:138)
at org.openqa.selenium.remote.codec.w3c.W3CHttpResponseCodec.decode(W3CHttpResponseCodec.java:50)
at org.openqa.selenium.remote.HttpCommandExecutor.execute(HttpCommandExecutor.java:215)
at org.openqa.selenium.remote.service.DriverCommandExecutor.invokeExecute(DriverCommandExecutor.java:216)
at org.openqa.selenium.remote.service.DriverCommandExecutor.execute(DriverCommandExecutor.java:174)
at org.openqa.selenium.remote.RemoteWebDriver.execute(RemoteWebDriver.java:557)
at org.openqa.selenium.remote.RemoteWebDriver.get(RemoteWebDriver.java:325)
at steps.BaseTest.setUp(BaseTest.java:38)
at java.base/jdk.internal.reflect.DirectMethodHandleAccessor.invoke(DirectMethodHandleAccessor.java:103)
at java.base/java.lang.reflect.Method.invoke(Method.java:580)
at org.testng.internal.invokers.MethodInvocationHelper.invokeMethod(MethodInvocationHelper.java:141)
at org.testng.internal.invokers.MethodInvocationHelper.invokeMethodConsideringTimeout(MethodInvocationHelper.java:71)
at org.testng.internal.invokers.ConfigInvoker.invokeConfigurationMethod(ConfigInvoker.java:400)
at org.testng.internal.invokers.ConfigInvoker.invokeConfigurations(ConfigInvoker.java:333)
at org.testng.TestRunner.invokeTestConfigurations(TestRunner.java:657)
at org.testng.TestRunner.beforeRun(TestRunner.java:646)
at org.testng.TestRunner.run(TestRunner.java:612)
at org.testng.SuiteRunner.runTest(SuiteRunner.java:421)
at org.testng.SuiteRunner.runSequentially(SuiteRunner.java:413)
at org.testng.SuiteRunner.privateRun(SuiteRunner.java:373)
at org.testng.SuiteRunner.run(SuiteRunner.java:312)
at org.testng.SuiteRunnerWorker.runSuite(SuiteRunnerWorker.java:52)
at org.testng.SuiteRunnerWorker.run(SuiteRunnerWorker.java:95)
at org.testng.TestNG.runSuitesSequentially(TestNG.java:1274)
at org.testng.TestNG.runSuitesLocally(TestNG.java:1208)
at org.testng.TestNG.runSuites(TestNG.java:1112)
at org.testng.TestNG.run(TestNG.java:1079)
at org.testng.remote.AbstractRemoteTestNG.run(AbstractRemoteTestNG.java:115)
at org.testng.remote.RemoteTestNG.initAndRun(RemoteTestNG.java:293)
at org.testng.remote.RemoteTestNG.main(RemoteTestNG.java:91)
]]>
            </full-stacktrace>
          </exception> <!-- org.openqa.selenium.NoSuchSessionException -->
          <reporter-output>
          </reporter-output>
        </test-method> <!-- user_is_logged_in_for_logout -->
        <test-method is-config="true" signature="tearDown()[pri:0, instance:steps.LogoutTest@2fb0623e]" started-at="2025-09-06T16:41:54 IST" name="tearDown" finished-at="2025-09-06T16:41:54 IST" duration-ms="0" status="SKIP">
          <reporter-output>
          </reporter-output>
        </test-method> <!-- tearDown -->
      </class> <!-- steps.LogoutTest -->
    </test> <!-- MyTest7 -->
  </suite> <!-- Parabank -->
</testng-results>
